[2023-01-04T09:19:06.210970+00:00] name.WARNING: Foo [] []
[2023-01-04T09:19:06.242079+00:00] name.ERROR: Bar [] []
[2023-01-04T09:26:37.910450+00:00] name.ERROR: Nutiko klaida! [] []
[2023-01-04T09:26:46.983435+00:00] name.ERROR: Nutiko klaida! [] []
[2023-01-04T09:39:23.737505+00:00] name.ERROR: Nutiko klaida! [] []
[2023-01-04T09:39:24.420639+00:00] name.ERROR: Nutiko klaida! [] []
[2023-01-04T09:45:25.793083+00:00] name.ERROR: Klaida [] []
[2023-01-04T09:45:43.692675+00:00] name.ERROR: Klaida [] []
[2023-01-04T09:50:25.763558+00:00] name.ERROR: Klaida [] []
[2023-01-06T10:37:41.799021+00:00] Portfolio.WARNING: 404 [] []
[2023-01-06T10:37:57.950445+00:00] Portfolio.WARNING: 404 [] []
[2023-01-06T10:53:11.075309+00:00] Portfolio.WARNING: 404 [] []
[2023-01-06T12:05:12.455681+00:00] Portfolio.WARNING: 404 [] []
[2023-01-06T12:05:32.967481+00:00] Portfolio.WARNING: 404 [] []
[2023-01-06T12:05:52.282553+00:00] Portfolio.WARNING: 404 [] []
[2023-01-06T12:07:31.531592+00:00] Portfolio.WARNING: 404 [] []
[2023-01-06T14:42:55.812213+00:00] Portfolio.WARNING: 404 [] []
[2023-01-06T14:43:10.513405+00:00] Portfolio.WARNING: 404 [] []
[2023-01-06T14:47:37.951992+00:00] Portfolio.WARNING: 404 [] []
[2023-01-06T14:47:42.192912+00:00] Portfolio.WARNING: 404 [] []
[2023-01-06T14:47:44.954332+00:00] Portfolio.WARNING: 404 [] []
[2023-01-06T14:47:45.524289+00:00] Portfolio.WARNING: 404 [] []
[2023-01-09T09:15:11.752509+00:00] Portfolio.WARNING: 404 [] []
[2023-01-09T09:15:11.824815+00:00] Portfolio.WARNING: 404 [] []
[2023-01-09T09:15:11.898470+00:00] Portfolio.WARNING: 404 [] []
[2023-01-09T09:15:11.991028+00:00] Portfolio.WARNING: 404 [] []
[2023-01-09T09:15:18.383042+00:00] Portfolio.WARNING: 404 [] []
[2023-01-09T09:15:18.469436+00:00] Portfolio.WARNING: 404 [] []
[2023-01-09T09:15:18.545487+00:00] Portfolio.WARNING: 404 [] []
[2023-01-09T09:15:18.811654+00:00] Portfolio.WARNING: 404 [] []
[2023-01-09T09:15:22.768466+00:00] Portfolio.WARNING: 404 [] []
[2023-01-09T09:15:22.951872+00:00] Portfolio.WARNING: 404 [] []
[2023-01-09T09:15:31.090014+00:00] Portfolio.WARNING: 404 [] []
[2023-01-09T09:15:48.275365+00:00] Portfolio.WARNING: 404 [] []
[2023-01-09T09:15:48.538415+00:00] Portfolio.WARNING: 404 [] []
[2023-01-09T09:15:49.326194+00:00] Portfolio.WARNING: 404 [] []
[2023-01-09T09:15:49.372755+00:00] Portfolio.WARNING: 404 [] []
[2023-01-09T09:15:49.422028+00:00] Portfolio.WARNING: 404 [] []
[2023-01-09T09:15:49.636213+00:00] Portfolio.WARNING: 404 [] []
[2023-01-09T09:15:51.671363+00:00] Portfolio.WARNING: 404 [] []
[2023-01-09T09:15:51.897622+00:00] Portfolio.WARNING: 404 [] []
[2023-01-09T09:15:53.329086+00:00] Portfolio.WARNING: 404 [] []
[2023-01-09T09:15:53.378857+00:00] Portfolio.WARNING: 404 [] []
[2023-01-09T09:15:53.428571+00:00] Portfolio.WARNING: 404 [] []
[2023-01-09T09:15:53.635119+00:00] Portfolio.WARNING: 404 [] []
[2023-01-09T09:15:54.743379+00:00] Portfolio.WARNING: 404 [] []
[2023-01-09T09:15:54.959694+00:00] Portfolio.WARNING: 404 [] []
[2023-01-09T09:16:00.755343+00:00] Portfolio.WARNING: 404 [] []
[2023-01-09T09:16:03.879790+00:00] Portfolio.WARNING: 404 [] []
[2023-01-09T10:55:39.559529+00:00] Portfolio.WARNING: 404 [] []
[2023-01-09T10:55:40.423966+00:00] Portfolio.WARNING: 404 [] []
[2023-01-09T10:55:40.675884+00:00] Portfolio.WARNING: 404 [] []
[2023-01-09T10:55:41.505875+00:00] Portfolio.WARNING: 404 [] []
[2023-01-09T10:55:41.572948+00:00] Portfolio.WARNING: 404 [] []
[2023-01-09T10:55:41.652157+00:00] Portfolio.WARNING: 404 [] []
[2023-01-09T10:55:41.894321+00:00] Portfolio.WARNING: 404 [] []
[2023-01-09T10:55:43.148764+00:00] Portfolio.WARNING: 404 [] []
[2023-01-09T10:55:43.201485+00:00] Portfolio.WARNING: 404 [] []
[2023-01-09T10:55:43.253448+00:00] Portfolio.WARNING: 404 [] []
[2023-01-09T10:55:43.474488+00:00] Portfolio.WARNING: 404 [] []
[2023-01-09T10:55:44.666871+00:00] Portfolio.WARNING: 404 [] []
[2023-01-09T10:55:44.718735+00:00] Portfolio.WARNING: 404 [] []
[2023-01-09T10:55:44.766401+00:00] Portfolio.WARNING: 404 [] []
[2023-01-09T10:55:44.992776+00:00] Portfolio.WARNING: 404 [] []
[2023-01-09T10:55:53.271466+00:00] Portfolio.WARNING: 404 [] []
[2023-01-09T10:55:53.533129+00:00] Portfolio.WARNING: 404 [] []
[2023-01-09T10:56:06.535661+00:00] Portfolio.WARNING: 404 [] []
[2023-01-09T10:56:09.163109+00:00] Portfolio.WARNING: 404 [] []
[2023-01-09T10:56:09.228797+00:00] Portfolio.WARNING: 404 [] []
[2023-01-09T10:56:09.303775+00:00] Portfolio.WARNING: 404 [] []
[2023-01-09T10:56:09.647728+00:00] Portfolio.WARNING: 404 [] []
[2023-01-09T10:56:14.458321+00:00] Portfolio.WARNING: 404 [] []
[2023-01-09T10:56:14.688347+00:00] Portfolio.WARNING: 404 [] []
[2023-01-09T10:56:19.163665+00:00] Portfolio.WARNING: 404 [] []
[2023-01-09T10:56:19.214327+00:00] Portfolio.WARNING: 404 [] []
[2023-01-09T10:56:19.286240+00:00] Portfolio.WARNING: 404 [] []
[2023-01-09T10:56:19.508986+00:00] Portfolio.WARNING: 404 [] []
[2023-01-09T10:56:40.332153+00:00] Portfolio.WARNING: 404 [] []
[2023-01-09T10:56:40.384664+00:00] Portfolio.WARNING: 404 [] []
[2023-01-09T10:56:40.435040+00:00] Portfolio.WARNING: 404 [] []
[2023-01-09T10:56:40.662141+00:00] Portfolio.WARNING: 404 [] []
[2023-01-09T10:56:55.166655+00:00] Portfolio.WARNING: 404 [] []
[2023-01-09T10:56:55.432524+00:00] Portfolio.WARNING: 404 [] []
[2023-01-09T10:56:57.807078+00:00] Portfolio.WARNING: 404 [] []
[2023-01-09T10:56:57.854956+00:00] Portfolio.WARNING: 404 [] []
[2023-01-09T10:56:57.901139+00:00] Portfolio.WARNING: 404 [] []
[2023-01-09T10:56:58.096333+00:00] Portfolio.WARNING: 404 [] []
[2023-01-09T10:56:59.804229+00:00] Portfolio.WARNING: 404 [] []
[2023-01-09T10:56:59.856306+00:00] Portfolio.WARNING: 404 [] []
[2023-01-09T10:56:59.905131+00:00] Portfolio.WARNING: 404 [] []
[2023-01-09T10:57:00.113296+00:00] Portfolio.WARNING: 404 [] []
[2023-01-09T10:57:27.548328+00:00] Portfolio.WARNING: 404 [] []
[2023-01-09T10:57:27.600003+00:00] Portfolio.WARNING: 404 [] []
[2023-01-09T10:57:27.652437+00:00] Portfolio.WARNING: 404 [] []
[2023-01-09T10:57:27.873846+00:00] Portfolio.WARNING: 404 [] []
[2023-01-09T10:57:34.688763+00:00] Portfolio.WARNING: 404 [] []
[2023-01-09T10:57:34.930808+00:00] Portfolio.WARNING: 404 [] []
[2023-01-09T10:57:43.109740+00:00] Portfolio.WARNING: 404 [] []
[2023-01-09T10:57:45.838918+00:00] Portfolio.WARNING: 404 [] []
[2023-01-09T10:57:45.884601+00:00] Portfolio.WARNING: 404 [] []
[2023-01-09T10:57:45.932198+00:00] Portfolio.WARNING: 404 [] []
[2023-01-09T10:57:46.271582+00:00] Portfolio.WARNING: 404 [] []
[2023-01-09T10:57:47.929843+00:00] Portfolio.WARNING: 404 [] []
[2023-01-09T10:57:47.981503+00:00] Portfolio.WARNING: 404 [] []
[2023-01-09T10:57:48.029243+00:00] Portfolio.WARNING: 404 [] []
[2023-01-09T10:57:48.239962+00:00] Portfolio.WARNING: 404 [] []
[2023-01-09T10:57:53.042424+00:00] Portfolio.WARNING: 404 [] []
[2023-01-09T10:57:53.271654+00:00] Portfolio.WARNING: 404 [] []
[2023-01-09T10:58:10.518969+00:00] Portfolio.WARNING: 404 [] []
[2023-01-09T10:58:10.572923+00:00] Portfolio.WARNING: 404 [] []
[2023-01-09T10:58:10.653868+00:00] Portfolio.WARNING: 404 [] []
[2023-01-09T10:58:10.897446+00:00] Portfolio.WARNING: 404 [] []
[2023-01-09T10:58:12.860476+00:00] Portfolio.WARNING: 404 [] []
[2023-01-09T10:58:12.911403+00:00] Portfolio.WARNING: 404 [] []
[2023-01-09T10:58:12.962158+00:00] Portfolio.WARNING: 404 [] []
[2023-01-09T10:58:13.252979+00:00] Portfolio.WARNING: 404 [] []
[2023-01-09T11:01:56.788536+00:00] Portfolio.WARNING: 404 [] []
[2023-01-09T11:01:56.866130+00:00] Portfolio.WARNING: 404 [] []
[2023-01-09T11:01:57.119035+00:00] Portfolio.WARNING: 404 [] []
[2023-01-09T11:02:04.142680+00:00] Portfolio.WARNING: 404 [] []
[2023-01-09T11:02:04.366534+00:00] Portfolio.WARNING: 404 [] []
[2023-01-09T11:02:10.094304+00:00] Portfolio.WARNING: 404 [] []
[2023-01-09T11:02:10.175268+00:00] Portfolio.WARNING: 404 [] []
[2023-01-09T11:02:10.413549+00:00] Portfolio.WARNING: 404 [] []
[2023-01-09T11:02:40.523030+00:00] Portfolio.WARNING: 404 [] []
[2023-01-09T11:02:40.600896+00:00] Portfolio.WARNING: 404 [] []
[2023-01-09T11:02:40.842556+00:00] Portfolio.WARNING: 404 [] []
[2023-01-09T11:02:48.446761+00:00] Portfolio.WARNING: 404 [] []
[2023-01-09T11:02:48.670443+00:00] Portfolio.WARNING: 404 [] []
[2023-01-09T11:03:01.090867+00:00] Portfolio.WARNING: 404 [] []
[2023-01-09T11:03:03.809270+00:00] Portfolio.WARNING: 404 [] []
[2023-01-09T11:03:08.251763+00:00] Portfolio.WARNING: 404 [] []
[2023-01-09T11:03:08.492663+00:00] Portfolio.WARNING: 404 [] []
[2023-01-09T11:03:09.833706+00:00] Portfolio.WARNING: 404 [] []
[2023-01-09T11:03:09.882321+00:00] Portfolio.WARNING: 404 [] []
[2023-01-09T11:03:10.101202+00:00] Portfolio.WARNING: 404 [] []
[2023-01-09T11:03:11.334626+00:00] Portfolio.WARNING: 404 [] []
[2023-01-09T11:03:11.383229+00:00] Portfolio.WARNING: 404 [] []
[2023-01-09T11:03:11.584853+00:00] Portfolio.WARNING: 404 [] []
[2023-01-09T12:11:17.928842+00:00] Portfolio.WARNING: 404 [] []
[2023-01-09T12:11:18.005715+00:00] Portfolio.WARNING: 404 [] []
[2023-01-09T12:11:18.295768+00:00] Portfolio.WARNING: 404 [] []
[2023-01-09T12:11:26.490018+00:00] Portfolio.WARNING: 404 [] []
[2023-01-09T12:11:26.759334+00:00] Portfolio.WARNING: 404 [] []
[2023-01-09T12:11:28.536022+00:00] Portfolio.WARNING: 404 [] []
[2023-01-09T12:11:28.617103+00:00] Portfolio.WARNING: 404 [] []
[2023-01-09T12:11:28.863607+00:00] Portfolio.WARNING: 404 [] []
[2023-01-09T12:11:30.307348+00:00] Portfolio.WARNING: 404 [] []
[2023-01-09T12:11:30.360907+00:00] Portfolio.WARNING: 404 [] []
[2023-01-09T12:11:30.613795+00:00] Portfolio.WARNING: 404 [] []
[2023-01-09T12:18:09.334966+00:00] Portfolio.WARNING: 404 [] []
[2023-01-09T13:01:54.091374+00:00] Portfolio.WARNING: 404 [] []
[2023-01-09T13:19:31.147941+00:00] Portfolio.WARNING: 404 [] []
[2023-01-09T13:29:20.633083+00:00] Portfolio.WARNING: 404 [] []
[2023-01-09T13:37:09.795047+00:00] Portfolio.WARNING: 404 [] []
[2023-01-09T14:00:41.061714+00:00] Portfolio.WARNING: 404 [] []
[2023-01-09T14:26:42.653751+00:00] Portfolio.WARNING: 404 [] []
